<?xml version="1.0" encoding="UTF-8"?>
<!-- Generated by org.testng.reporters.JUnitReportReporter -->
<testsuite hostname="kanchana" failures="0" tests="1" name="Com.SampleTestScript.TestScript1" time="0.011" errors="0" timestamp="2024-07-26T15:21:48 IST" skipped="0">
  <testcase classname="Com.SampleTestScript.TestScript1" name="executionScript" time="0.011">
    <system-out>
      <![CDATA[Learning maven]]>
    </system-out>
  </testcase> <!-- executionScript -->
  <system-out>
    <![CDATA[Learning maven]]>
  </system-out>
</testsuite> <!-- Com.SampleTestScript.TestScript1 -->
